Copyright 1986-2022 Xilinx, Inc. All Rights Reserved.
---------------------------------------------------------------------------------------------------------------------------------------------------------------------------------------------------------
| Tool Version : Vivado v.2022.2 (win64) Build 3671981 Fri Oct 14 05:00:03 MDT 2022
| Date         : Fri Sep 22 19:41:47 2023
| Host         : DESKTOP-LITJ59L running 64-bit major release  (build 9200)
| Command      : report_timing_summary -max_paths 10 -report_unconstrained -file JKFF_timing_summary_routed.rpt -pb JKFF_timing_summary_routed.pb -rpx JKFF_timing_summary_routed.rpx -warn_on_violation
| Design       : JKFF
| Device       : 7s75-fgga484
| Speed File   : -1  PRODUCTION 1.23 2018-06-13
---------------------------------------------------------------------------------------------------------------------------------------------------------------------------------------------------------

Timing Summary Report

------------------------------------------------------------------------------------------------
| Timer Settings
| --------------
------------------------------------------------------------------------------------------------

  Enable Multi Corner Analysis               :  Yes
  Enable Pessimism Removal                   :  Yes
  Pessimism Removal Resolution               :  Nearest Common Node
  Enable Input Delay Default Clock           :  No
  Enable Preset / Clear Arcs                 :  No
  Disable Flight Delays                      :  No
  Ignore I/O Paths                           :  No
  Timing Early Launch at Borrowing Latches   :  No
  Borrow Time for Max Delay Exceptions       :  Yes
  Merge Timing Exceptions                    :  Yes

  Corner  Analyze    Analyze    
  Name    Max Paths  Min Paths  
  ------  ---------  ---------  
  Slow    Yes        Yes        
  Fast    Yes        Yes        


------------------------------------------------------------------------------------------------
| Report Methodology
| ------------------
------------------------------------------------------------------------------------------------

Rule       Severity          Description                  Violations  
---------  ----------------  ---------------------------  ----------  
TIMING-17  Critical Warning  Non-clocked sequential cell  2           

Note: This report is based on the most recent report_methodology run and may not be up-to-date. Run report_methodology on the current design for the latest report.



check_timing report

Table of Contents
-----------------
1. checking no_clock (2)
2. checking constant_clock (0)
3. checking pulse_width_clock (0)
4. checking unconstrained_internal_endpoints (2)
5. checking no_input_delay (2)
6. checking no_output_delay (2)
7. checking multiple_clock (0)
8. checking generated_clocks (0)
9. checking loops (0)
10. checking partial_input_delay (0)
11. checking partial_output_delay (0)
12. checking latch_loops (0)

1. checking no_clock (2)
------------------------
 There are 2 register/latch pins with no clock driven by root clock pin: clk (HIGH)


2. checking constant_clock (0)
------------------------------
 There are 0 register/latch pins with constant_clock.


3. checking pulse_width_clock (0)
---------------------------------
 There are 0 register/latch pins which need pulse_width check


4. checking unconstrained_internal_endpoints (2)
------------------------------------------------
 There are 2 pins that are not constrained for maximum delay. (HIGH)

 There are 0 pins that are not constrained for maximum delay due to constant clock.


5. checking no_input_delay (2)
------------------------------
 There are 2 input ports with no input delay specified. (HIGH)

 There are 0 input ports with no input delay but user has a false path constraint.


6. checking no_output_delay (2)
-------------------------------
 There are 2 ports with no output delay specified. (HIGH)

 There are 0 ports with no output delay but user has a false path constraint

 There are 0 ports with no output delay but with a timing clock defined on it or propagating through it


7. checking multiple_clock (0)
------------------------------
 There are 0 register/latch pins with multiple clocks.


8. checking generated_clocks (0)
--------------------------------
 There are 0 generated clocks that are not connected to a clock source.


9. checking loops (0)
---------------------
 There are 0 combinational loops in the design.


10. checking partial_input_delay (0)
------------------------------------
 There are 0 input ports with partial input delay specified.


11. checking partial_output_delay (0)
-------------------------------------
 There are 0 ports with partial output delay specified.


12. checking latch_loops (0)
----------------------------
 There are 0 combinational latch loops in the design through latch input



------------------------------------------------------------------------------------------------
| Design Timing Summary
| ---------------------
------------------------------------------------------------------------------------------------

    WNS(ns)      TNS(ns)  TNS Failing Endpoints  TNS Total Endpoints      WHS(ns)      THS(ns)  THS Failing Endpoints  THS Total Endpoints     WPWS(ns)     TPWS(ns)  TPWS Failing Endpoints  TPWS Total Endpoints  
    -------      -------  ---------------------  -------------------      -------      -------  ---------------------  -------------------     --------     --------  ----------------------  --------------------  
        inf        0.000                      0                    4          inf        0.000                      0                    4           NA           NA                      NA                    NA  


There are no user specified timing constraints.


------------------------------------------------------------------------------------------------
| Clock Summary
| -------------
------------------------------------------------------------------------------------------------


------------------------------------------------------------------------------------------------
| Intra Clock Table
| -----------------
------------------------------------------------------------------------------------------------

Clock             WNS(ns)      TNS(ns)  TNS Failing Endpoints  TNS Total Endpoints      WHS(ns)      THS(ns)  THS Failing Endpoints  THS Total Endpoints     WPWS(ns)     TPWS(ns)  TPWS Failing Endpoints  TPWS Total Endpoints  
-----             -------      -------  ---------------------  -------------------      -------      -------  ---------------------  -------------------     --------     --------  ----------------------  --------------------  


------------------------------------------------------------------------------------------------
| Inter Clock Table
| -----------------
------------------------------------------------------------------------------------------------

From Clock    To Clock          WNS(ns)      TNS(ns)  TNS Failing Endpoints  TNS Total Endpoints      WHS(ns)      THS(ns)  THS Failing Endpoints  THS Total Endpoints  
----------    --------          -------      -------  ---------------------  -------------------      -------      -------  ---------------------  -------------------  


------------------------------------------------------------------------------------------------
| Other Path Groups Table
| -----------------------
------------------------------------------------------------------------------------------------

Path Group    From Clock    To Clock          WNS(ns)      TNS(ns)  TNS Failing Endpoints  TNS Total Endpoints      WHS(ns)      THS(ns)  THS Failing Endpoints  THS Total Endpoints  
----------    ----------    --------          -------      -------  ---------------------  -------------------      -------      -------  ---------------------  -------------------  


------------------------------------------------------------------------------------------------
| User Ignored Path Table
| -----------------------
------------------------------------------------------------------------------------------------

Path Group    From Clock    To Clock    
----------    ----------    --------    


------------------------------------------------------------------------------------------------
| Unconstrained Path Table
| ------------------------
------------------------------------------------------------------------------------------------

Path Group    From Clock    To Clock    
----------    ----------    --------    
(none)                                    


------------------------------------------------------------------------------------------------
| Timing Details
| --------------
------------------------------------------------------------------------------------------------


--------------------------------------------------------------------------------------
Path Group:  (none)
From Clock:  
  To Clock:  

Max Delay             4 Endpoints
Min Delay             4 Endpoints
--------------------------------------------------------------------------------------


Max Delay Paths
--------------------------------------------------------------------------------------
Slack:                    inf
  Source:                 Q_reg/C
                            (rising edge-triggered cell FDRE)
  Destination:            Q
                            (output port)
  Path Group:             (none)
  Path Type:              Max at Slow Process Corner
  Data Path Delay:        6.635ns  (logic 3.983ns (60.031%)  route 2.652ns (39.969%))
  Logic Levels:           2  (FDRE=1 OBUF=1)

    Location             Delay type                Incr(ns)  Path(ns)    Netlist Resource(s)
  -------------------------------------------------------------------    -------------------
    SLICE_X85Y104        FDRE                         0.000     0.000 r  Q_reg/C
    SLICE_X85Y104        FDRE (Prop_fdre_C_Q)         0.456     0.456 r  Q_reg/Q
                         net (fo=2, routed)           2.652     3.108    Q_OBUF
    L4                   OBUF (Prop_obuf_I_O)         3.527     6.635 r  Q_OBUF_inst/O
                         net (fo=0)                   0.000     6.635    Q
    L4                                                                r  Q (OUT)
  -------------------------------------------------------------------    -------------------

Slack:                    inf
  Source:                 Qbar_reg/C
                            (rising edge-triggered cell FDRE)
  Destination:            Qbar
                            (output port)
  Path Group:             (none)
  Path Type:              Max at Slow Process Corner
  Data Path Delay:        6.547ns  (logic 4.122ns (62.972%)  route 2.424ns (37.028%))
  Logic Levels:           2  (FDRE=1 OBUF=1)

    Location             Delay type                Incr(ns)  Path(ns)    Netlist Resource(s)
  -------------------------------------------------------------------    -------------------
    SLICE_X85Y104        FDRE                         0.000     0.000 r  Qbar_reg/C
    SLICE_X85Y104        FDRE (Prop_fdre_C_Q)         0.419     0.419 r  Qbar_reg/Q
                         net (fo=2, routed)           2.424     2.843    Qbar_OBUF
    M4                   OBUF (Prop_obuf_I_O)         3.703     6.547 r  Qbar_OBUF_inst/O
                         net (fo=0)                   0.000     6.547    Qbar
    M4                                                                r  Qbar (OUT)
  -------------------------------------------------------------------    -------------------

Slack:                    inf
  Source:                 J
                            (input port)
  Destination:            Qbar_reg/D
  Path Group:             (none)
  Path Type:              Max at Slow Process Corner
  Data Path Delay:        3.447ns  (logic 1.674ns (48.556%)  route 1.773ns (51.444%))
  Logic Levels:           2  (IBUF=1 LUT3=1)

    Location             Delay type                Incr(ns)  Path(ns)    Netlist Resource(s)
  -------------------------------------------------------------------    -------------------
    Y1                                                0.000     0.000 f  J (IN)
                         net (fo=0)                   0.000     0.000    J
    Y1                   IBUF (Prop_ibuf_I_O)         1.524     1.524 f  J_IBUF_inst/O
                         net (fo=2, routed)           1.773     3.297    J_IBUF
    SLICE_X85Y104        LUT3 (Prop_lut3_I0_O)        0.150     3.447 r  Qbar_i_1/O
                         net (fo=1, routed)           0.000     3.447    Qbar_i_1_n_0
    SLICE_X85Y104        FDRE                                         r  Qbar_reg/D
  -------------------------------------------------------------------    -------------------

Slack:                    inf
  Source:                 J
                            (input port)
  Destination:            Q_reg/D
  Path Group:             (none)
  Path Type:              Max at Slow Process Corner
  Data Path Delay:        3.421ns  (logic 1.648ns (48.165%)  route 1.773ns (51.835%))
  Logic Levels:           2  (IBUF=1 LUT3=1)

    Location             Delay type                Incr(ns)  Path(ns)    Netlist Resource(s)
  -------------------------------------------------------------------    -------------------
    Y1                                                0.000     0.000 r  J (IN)
                         net (fo=0)                   0.000     0.000    J
    Y1                   IBUF (Prop_ibuf_I_O)         1.524     1.524 r  J_IBUF_inst/O
                         net (fo=2, routed)           1.773     3.297    J_IBUF
    SLICE_X85Y104        LUT3 (Prop_lut3_I0_O)        0.124     3.421 r  Q_i_1/O
                         net (fo=1, routed)           0.000     3.421    Q_i_1_n_0
    SLICE_X85Y104        FDRE                                         r  Q_reg/D
  -------------------------------------------------------------------    -------------------





Min Delay Paths
--------------------------------------------------------------------------------------
Slack:                    inf
  Source:                 Q_reg/C
                            (rising edge-triggered cell FDRE)
  Destination:            Q_reg/D
  Path Group:             (none)
  Path Type:              Min at Fast Process Corner
  Data Path Delay:        0.354ns  (logic 0.186ns (52.498%)  route 0.168ns (47.502%))
  Logic Levels:           2  (FDRE=1 LUT3=1)

    Location             Delay type                Incr(ns)  Path(ns)    Netlist Resource(s)
  -------------------------------------------------------------------    -------------------
    SLICE_X85Y104        FDRE                         0.000     0.000 r  Q_reg/C
    SLICE_X85Y104        FDRE (Prop_fdre_C_Q)         0.141     0.141 r  Q_reg/Q
                         net (fo=2, routed)           0.168     0.309    Q_OBUF
    SLICE_X85Y104        LUT3 (Prop_lut3_I2_O)        0.045     0.354 r  Q_i_1/O
                         net (fo=1, routed)           0.000     0.354    Q_i_1_n_0
    SLICE_X85Y104        FDRE                                         r  Q_reg/D
  -------------------------------------------------------------------    -------------------

Slack:                    inf
  Source:                 Qbar_reg/C
                            (rising edge-triggered cell FDRE)
  Destination:            Qbar_reg/D
  Path Group:             (none)
  Path Type:              Min at Fast Process Corner
  Data Path Delay:        0.524ns  (logic 0.226ns (43.093%)  route 0.298ns (56.907%))
  Logic Levels:           2  (FDRE=1 LUT3=1)

    Location             Delay type                Incr(ns)  Path(ns)    Netlist Resource(s)
  -------------------------------------------------------------------    -------------------
    SLICE_X85Y104        FDRE                         0.000     0.000 r  Qbar_reg/C
    SLICE_X85Y104        FDRE (Prop_fdre_C_Q)         0.128     0.128 r  Qbar_reg/Q
                         net (fo=2, routed)           0.298     0.426    Qbar_OBUF
    SLICE_X85Y104        LUT3 (Prop_lut3_I2_O)        0.098     0.524 r  Qbar_i_1/O
                         net (fo=1, routed)           0.000     0.524    Qbar_i_1_n_0
    SLICE_X85Y104        FDRE                                         r  Qbar_reg/D
  -------------------------------------------------------------------    -------------------

Slack:                    inf
  Source:                 Qbar_reg/C
                            (rising edge-triggered cell FDRE)
  Destination:            Qbar
                            (output port)
  Path Group:             (none)
  Path Type:              Min at Fast Process Corner
  Data Path Delay:        2.076ns  (logic 1.411ns (68.003%)  route 0.664ns (31.997%))
  Logic Levels:           2  (FDRE=1 OBUF=1)

    Location             Delay type                Incr(ns)  Path(ns)    Netlist Resource(s)
  -------------------------------------------------------------------    -------------------
    SLICE_X85Y104        FDRE                         0.000     0.000 r  Qbar_reg/C
    SLICE_X85Y104        FDRE (Prop_fdre_C_Q)         0.128     0.128 r  Qbar_reg/Q
                         net (fo=2, routed)           0.664     0.792    Qbar_OBUF
    M4                   OBUF (Prop_obuf_I_O)         1.283     2.076 r  Qbar_OBUF_inst/O
                         net (fo=0)                   0.000     2.076    Qbar
    M4                                                                r  Qbar (OUT)
  -------------------------------------------------------------------    -------------------

Slack:                    inf
  Source:                 Q_reg/C
                            (rising edge-triggered cell FDRE)
  Destination:            Q
                            (output port)
  Path Group:             (none)
  Path Type:              Min at Fast Process Corner
  Data Path Delay:        2.137ns  (logic 1.369ns (64.063%)  route 0.768ns (35.937%))
  Logic Levels:           2  (FDRE=1 OBUF=1)

    Location             Delay type                Incr(ns)  Path(ns)    Netlist Resource(s)
  -------------------------------------------------------------------    -------------------
    SLICE_X85Y104        FDRE                         0.000     0.000 r  Q_reg/C
    SLICE_X85Y104        FDRE (Prop_fdre_C_Q)         0.141     0.141 r  Q_reg/Q
                         net (fo=2, routed)           0.768     0.909    Q_OBUF
    L4                   OBUF (Prop_obuf_I_O)         1.228     2.137 r  Q_OBUF_inst/O
                         net (fo=0)                   0.000     2.137    Q
    L4                                                                r  Q (OUT)
  -------------------------------------------------------------------    -------------------





