Copyright 1986-2022 Xilinx, Inc. All Rights Reserved.
---------------------------------------------------------------------------------------------------------------------------------------------------------------------------------------------------------------------------------
| Tool Version : Vivado v.2022.2 (win64) Build 3671981 Fri Oct 14 05:00:03 MDT 2022
| Date         : Sun Oct 29 22:28:53 2023
| Host         : DESKTOP-LITJ59L running 64-bit major release  (build 9200)
| Command      : report_timing_summary -max_paths 10 -report_unconstrained -file statediagram_timing_summary_routed.rpt -pb statediagram_timing_summary_routed.pb -rpx statediagram_timing_summary_routed.rpx -warn_on_violation
| Design       : statediagram
| Device       : 7s75-fgga484
| Speed File   : -1  PRODUCTION 1.23 2018-06-13
---------------------------------------------------------------------------------------------------------------------------------------------------------------------------------------------------------------------------------

Timing Summary Report

------------------------------------------------------------------------------------------------
| Timer Settings
| --------------
------------------------------------------------------------------------------------------------

  Enable Multi Corner Analysis               :  Yes
  Enable Pessimism Removal                   :  Yes
  Pessimism Removal Resolution               :  Nearest Common Node
  Enable Input Delay Default Clock           :  No
  Enable Preset / Clear Arcs                 :  No
  Disable Flight Delays                      :  No
  Ignore I/O Paths                           :  No
  Timing Early Launch at Borrowing Latches   :  No
  Borrow Time for Max Delay Exceptions       :  Yes
  Merge Timing Exceptions                    :  Yes

  Corner  Analyze    Analyze    
  Name    Max Paths  Min Paths  
  ------  ---------  ---------  
  Slow    Yes        Yes        
  Fast    Yes        Yes        


------------------------------------------------------------------------------------------------
| Report Methodology
| ------------------
------------------------------------------------------------------------------------------------

Rule       Severity          Description                  Violations  
---------  ----------------  ---------------------------  ----------  
TIMING-17  Critical Warning  Non-clocked sequential cell  3           

Note: This report is based on the most recent report_methodology run and may not be up-to-date. Run report_methodology on the current design for the latest report.



check_timing report

Table of Contents
-----------------
1. checking no_clock (3)
2. checking constant_clock (0)
3. checking pulse_width_clock (0)
4. checking unconstrained_internal_endpoints (6)
5. checking no_input_delay (2)
6. checking no_output_delay (3)
7. checking multiple_clock (0)
8. checking generated_clocks (0)
9. checking loops (0)
10. checking partial_input_delay (0)
11. checking partial_output_delay (0)
12. checking latch_loops (0)

1. checking no_clock (3)
------------------------
 There are 3 register/latch pins with no clock driven by root clock pin: clk (HIGH)


2. checking constant_clock (0)
------------------------------
 There are 0 register/latch pins with constant_clock.


3. checking pulse_width_clock (0)
---------------------------------
 There are 0 register/latch pins which need pulse_width check


4. checking unconstrained_internal_endpoints (6)
------------------------------------------------
 There are 6 pins that are not constrained for maximum delay. (HIGH)

 There are 0 pins that are not constrained for maximum delay due to constant clock.


5. checking no_input_delay (2)
------------------------------
 There are 2 input ports with no input delay specified. (HIGH)

 There are 0 input ports with no input delay but user has a false path constraint.


6. checking no_output_delay (3)
-------------------------------
 There are 3 ports with no output delay specified. (HIGH)

 There are 0 ports with no output delay but user has a false path constraint

 There are 0 ports with no output delay but with a timing clock defined on it or propagating through it


7. checking multiple_clock (0)
------------------------------
 There are 0 register/latch pins with multiple clocks.


8. checking generated_clocks (0)
--------------------------------
 There are 0 generated clocks that are not connected to a clock source.


9. checking loops (0)
---------------------
 There are 0 combinational loops in the design.


10. checking partial_input_delay (0)
------------------------------------
 There are 0 input ports with partial input delay specified.


11. checking partial_output_delay (0)
-------------------------------------
 There are 0 ports with partial output delay specified.


12. checking latch_loops (0)
----------------------------
 There are 0 combinational latch loops in the design through latch input



------------------------------------------------------------------------------------------------
| Design Timing Summary
| ---------------------
------------------------------------------------------------------------------------------------

    WNS(ns)      TNS(ns)  TNS Failing Endpoints  TNS Total Endpoints      WHS(ns)      THS(ns)  THS Failing Endpoints  THS Total Endpoints     WPWS(ns)     TPWS(ns)  TPWS Failing Endpoints  TPWS Total Endpoints  
    -------      -------  ---------------------  -------------------      -------      -------  ---------------------  -------------------     --------     --------  ----------------------  --------------------  
        inf        0.000                      0                    9          inf        0.000                      0                    9           NA           NA                      NA                    NA  


There are no user specified timing constraints.


------------------------------------------------------------------------------------------------
| Clock Summary
| -------------
------------------------------------------------------------------------------------------------


------------------------------------------------------------------------------------------------
| Intra Clock Table
| -----------------
------------------------------------------------------------------------------------------------

Clock             WNS(ns)      TNS(ns)  TNS Failing Endpoints  TNS Total Endpoints      WHS(ns)      THS(ns)  THS Failing Endpoints  THS Total Endpoints     WPWS(ns)     TPWS(ns)  TPWS Failing Endpoints  TPWS Total Endpoints  
-----             -------      -------  ---------------------  -------------------      -------      -------  ---------------------  -------------------     --------     --------  ----------------------  --------------------  


------------------------------------------------------------------------------------------------
| Inter Clock Table
| -----------------
------------------------------------------------------------------------------------------------

From Clock    To Clock          WNS(ns)      TNS(ns)  TNS Failing Endpoints  TNS Total Endpoints      WHS(ns)      THS(ns)  THS Failing Endpoints  THS Total Endpoints  
----------    --------          -------      -------  ---------------------  -------------------      -------      -------  ---------------------  -------------------  


------------------------------------------------------------------------------------------------
| Other Path Groups Table
| -----------------------
------------------------------------------------------------------------------------------------

Path Group    From Clock    To Clock          WNS(ns)      TNS(ns)  TNS Failing Endpoints  TNS Total Endpoints      WHS(ns)      THS(ns)  THS Failing Endpoints  THS Total Endpoints  
----------    ----------    --------          -------      -------  ---------------------  -------------------      -------      -------  ---------------------  -------------------  


------------------------------------------------------------------------------------------------
| User Ignored Path Table
| -----------------------
------------------------------------------------------------------------------------------------

Path Group    From Clock    To Clock    
----------    ----------    --------    


------------------------------------------------------------------------------------------------
| Unconstrained Path Table
| ------------------------
------------------------------------------------------------------------------------------------

Path Group    From Clock    To Clock    
----------    ----------    --------    
(none)                                    


------------------------------------------------------------------------------------------------
| Timing Details
| --------------
------------------------------------------------------------------------------------------------


--------------------------------------------------------------------------------------
Path Group:  (none)
From Clock:  
  To Clock:  

Max Delay             9 Endpoints
Min Delay             9 Endpoints
--------------------------------------------------------------------------------------


Max Delay Paths
--------------------------------------------------------------------------------------
Slack:                    inf
  Source:                 FSM_sequential_state_reg[1]/C
                            (rising edge-triggered cell FDCE)
  Destination:            state[0]
                            (output port)
  Path Group:             (none)
  Path Type:              Max at Slow Process Corner
  Data Path Delay:        7.292ns  (logic 4.449ns (61.018%)  route 2.843ns (38.982%))
  Logic Levels:           3  (FDCE=1 LUT2=1 OBUF=1)

    Location             Delay type                Incr(ns)  Path(ns)    Netlist Resource(s)
  -------------------------------------------------------------------    -------------------
    SLICE_X85Y109        FDCE                         0.000     0.000 r  FSM_sequential_state_reg[1]/C
    SLICE_X85Y109        FDCE (Prop_fdce_C_Q)         0.419     0.419 r  FSM_sequential_state_reg[1]/Q
                         net (fo=5, routed)           0.488     0.907    state_OBUF[1]
    SLICE_X85Y109        LUT2 (Prop_lut2_I1_O)        0.294     1.201 r  state_OBUF[0]_inst_i_1/O
                         net (fo=1, routed)           2.355     3.556    state_OBUF[0]
    M4                   OBUF (Prop_obuf_I_O)         3.736     7.292 r  state_OBUF[0]_inst/O
                         net (fo=0)                   0.000     7.292    state[0]
    M4                                                                r  state[0] (OUT)
  -------------------------------------------------------------------    -------------------

Slack:                    inf
  Source:                 FSM_sequential_state_reg[1]/C
                            (rising edge-triggered cell FDCE)
  Destination:            state[1]
                            (output port)
  Path Group:             (none)
  Path Type:              Max at Slow Process Corner
  Data Path Delay:        6.633ns  (logic 4.121ns (62.136%)  route 2.511ns (37.864%))
  Logic Levels:           2  (FDCE=1 OBUF=1)

    Location             Delay type                Incr(ns)  Path(ns)    Netlist Resource(s)
  -------------------------------------------------------------------    -------------------
    SLICE_X85Y109        FDCE                         0.000     0.000 r  FSM_sequential_state_reg[1]/C
    SLICE_X85Y109        FDCE (Prop_fdce_C_Q)         0.419     0.419 r  FSM_sequential_state_reg[1]/Q
                         net (fo=5, routed)           2.511     2.930    state_OBUF[1]
    L4                   OBUF (Prop_obuf_I_O)         3.702     6.633 r  state_OBUF[1]_inst/O
                         net (fo=0)                   0.000     6.633    state[1]
    L4                                                                r  state[1] (OUT)
  -------------------------------------------------------------------    -------------------

Slack:                    inf
  Source:                 y_reg/C
                            (rising edge-triggered cell FDCE)
  Destination:            y
                            (output port)
  Path Group:             (none)
  Path Type:              Max at Slow Process Corner
  Data Path Delay:        5.665ns  (logic 3.997ns (70.558%)  route 1.668ns (29.442%))
  Logic Levels:           2  (FDCE=1 OBUF=1)

    Location             Delay type                Incr(ns)  Path(ns)    Netlist Resource(s)
  -------------------------------------------------------------------    -------------------
    SLICE_X85Y109        FDCE                         0.000     0.000 r  y_reg/C
    SLICE_X85Y109        FDCE (Prop_fdce_C_Q)         0.456     0.456 r  y_reg/Q
                         net (fo=1, routed)           1.668     2.124    y_OBUF
    N5                   OBUF (Prop_obuf_I_O)         3.541     5.665 r  y_OBUF_inst/O
                         net (fo=0)                   0.000     5.665    y
    N5                                                                r  y (OUT)
  -------------------------------------------------------------------    -------------------

Slack:                    inf
  Source:                 rst
                            (input port)
  Destination:            FSM_sequential_state_reg[0]/CLR
  Path Group:             (none)
  Path Type:              Max at Slow Process Corner
  Data Path Delay:        4.254ns  (logic 1.648ns (38.740%)  route 2.606ns (61.260%))
  Logic Levels:           2  (IBUF=1 LUT1=1)

    Location             Delay type                Incr(ns)  Path(ns)    Netlist Resource(s)
  -------------------------------------------------------------------    -------------------
    Y1                                                0.000     0.000 r  rst (IN)
                         net (fo=0)                   0.000     0.000    rst
    Y1                   IBUF (Prop_ibuf_I_O)         1.524     1.524 r  rst_IBUF_inst/O
                         net (fo=1, routed)           1.591     3.114    rst_IBUF
    SLICE_X85Y99         LUT1 (Prop_lut1_I0_O)        0.124     3.238 f  FSM_sequential_state[1]_i_2/O
                         net (fo=3, routed)           1.015     4.254    FSM_sequential_state[1]_i_2_n_0
    SLICE_X85Y109        FDCE                                         f  FSM_sequential_state_reg[0]/CLR
  -------------------------------------------------------------------    -------------------

Slack:                    inf
  Source:                 rst
                            (input port)
  Destination:            FSM_sequential_state_reg[1]/CLR
  Path Group:             (none)
  Path Type:              Max at Slow Process Corner
  Data Path Delay:        4.254ns  (logic 1.648ns (38.740%)  route 2.606ns (61.260%))
  Logic Levels:           2  (IBUF=1 LUT1=1)

    Location             Delay type                Incr(ns)  Path(ns)    Netlist Resource(s)
  -------------------------------------------------------------------    -------------------
    Y1                                                0.000     0.000 r  rst (IN)
                         net (fo=0)                   0.000     0.000    rst
    Y1                   IBUF (Prop_ibuf_I_O)         1.524     1.524 r  rst_IBUF_inst/O
                         net (fo=1, routed)           1.591     3.114    rst_IBUF
    SLICE_X85Y99         LUT1 (Prop_lut1_I0_O)        0.124     3.238 f  FSM_sequential_state[1]_i_2/O
                         net (fo=3, routed)           1.015     4.254    FSM_sequential_state[1]_i_2_n_0
    SLICE_X85Y109        FDCE                                         f  FSM_sequential_state_reg[1]/CLR
  -------------------------------------------------------------------    -------------------

Slack:                    inf
  Source:                 rst
                            (input port)
  Destination:            y_reg/CLR
  Path Group:             (none)
  Path Type:              Max at Slow Process Corner
  Data Path Delay:        4.254ns  (logic 1.648ns (38.740%)  route 2.606ns (61.260%))
  Logic Levels:           2  (IBUF=1 LUT1=1)

    Location             Delay type                Incr(ns)  Path(ns)    Netlist Resource(s)
  -------------------------------------------------------------------    -------------------
    Y1                                                0.000     0.000 r  rst (IN)
                         net (fo=0)                   0.000     0.000    rst
    Y1                   IBUF (Prop_ibuf_I_O)         1.524     1.524 r  rst_IBUF_inst/O
                         net (fo=1, routed)           1.591     3.114    rst_IBUF
    SLICE_X85Y99         LUT1 (Prop_lut1_I0_O)        0.124     3.238 f  FSM_sequential_state[1]_i_2/O
                         net (fo=3, routed)           1.015     4.254    FSM_sequential_state[1]_i_2_n_0
    SLICE_X85Y109        FDCE                                         f  y_reg/CLR
  -------------------------------------------------------------------    -------------------

Slack:                    inf
  Source:                 x
                            (input port)
  Destination:            FSM_sequential_state_reg[1]/D
  Path Group:             (none)
  Path Type:              Max at Slow Process Corner
  Data Path Delay:        3.653ns  (logic 1.666ns (45.614%)  route 1.987ns (54.386%))
  Logic Levels:           2  (IBUF=1 LUT3=1)

    Location             Delay type                Incr(ns)  Path(ns)    Netlist Resource(s)
  -------------------------------------------------------------------    -------------------
    W3                                                0.000     0.000 r  x (IN)
                         net (fo=0)                   0.000     0.000    x
    W3                   IBUF (Prop_ibuf_I_O)         1.514     1.514 r  x_IBUF_inst/O
                         net (fo=3, routed)           1.987     3.501    x_IBUF
    SLICE_X85Y109        LUT3 (Prop_lut3_I2_O)        0.152     3.653 r  FSM_sequential_state[1]_i_1/O
                         net (fo=1, routed)           0.000     3.653    state__1[1]
    SLICE_X85Y109        FDCE                                         r  FSM_sequential_state_reg[1]/D
  -------------------------------------------------------------------    -------------------

Slack:                    inf
  Source:                 x
                            (input port)
  Destination:            FSM_sequential_state_reg[0]/D
  Path Group:             (none)
  Path Type:              Max at Slow Process Corner
  Data Path Delay:        3.625ns  (logic 1.638ns (45.194%)  route 1.987ns (54.806%))
  Logic Levels:           2  (IBUF=1 LUT3=1)

    Location             Delay type                Incr(ns)  Path(ns)    Netlist Resource(s)
  -------------------------------------------------------------------    -------------------
    W3                                                0.000     0.000 r  x (IN)
                         net (fo=0)                   0.000     0.000    x
    W3                   IBUF (Prop_ibuf_I_O)         1.514     1.514 r  x_IBUF_inst/O
                         net (fo=3, routed)           1.987     3.501    x_IBUF
    SLICE_X85Y109        LUT3 (Prop_lut3_I2_O)        0.124     3.625 r  FSM_sequential_state[0]_i_1/O
                         net (fo=1, routed)           0.000     3.625    state__1[0]
    SLICE_X85Y109        FDCE                                         r  FSM_sequential_state_reg[0]/D
  -------------------------------------------------------------------    -------------------

Slack:                    inf
  Source:                 x
                            (input port)
  Destination:            y_reg/D
  Path Group:             (none)
  Path Type:              Max at Slow Process Corner
  Data Path Delay:        3.624ns  (logic 1.638ns (45.206%)  route 1.986ns (54.794%))
  Logic Levels:           2  (IBUF=1 LUT3=1)

    Location             Delay type                Incr(ns)  Path(ns)    Netlist Resource(s)
  -------------------------------------------------------------------    -------------------
    W3                                                0.000     0.000 f  x (IN)
                         net (fo=0)                   0.000     0.000    x
    W3                   IBUF (Prop_ibuf_I_O)         1.514     1.514 f  x_IBUF_inst/O
                         net (fo=3, routed)           1.986     3.500    x_IBUF
    SLICE_X85Y109        LUT3 (Prop_lut3_I2_O)        0.124     3.624 r  y_i_1/O
                         net (fo=1, routed)           0.000     3.624    y_i_1_n_0
    SLICE_X85Y109        FDCE                                         r  y_reg/D
  -------------------------------------------------------------------    -------------------





Min Delay Paths
--------------------------------------------------------------------------------------
Slack:                    inf
  Source:                 FSM_sequential_state_reg[0]/C
                            (rising edge-triggered cell FDCE)
  Destination:            FSM_sequential_state_reg[1]/D
  Path Group:             (none)
  Path Type:              Min at Fast Process Corner
  Data Path Delay:        0.350ns  (logic 0.183ns (52.255%)  route 0.167ns (47.745%))
  Logic Levels:           2  (FDCE=1 LUT3=1)

    Location             Delay type                Incr(ns)  Path(ns)    Netlist Resource(s)
  -------------------------------------------------------------------    -------------------
    SLICE_X85Y109        FDCE                         0.000     0.000 r  FSM_sequential_state_reg[0]/C
    SLICE_X85Y109        FDCE (Prop_fdce_C_Q)         0.141     0.141 r  FSM_sequential_state_reg[0]/Q
                         net (fo=4, routed)           0.167     0.308    state__0[0]
    SLICE_X85Y109        LUT3 (Prop_lut3_I0_O)        0.042     0.350 r  FSM_sequential_state[1]_i_1/O
                         net (fo=1, routed)           0.000     0.350    state__1[1]
    SLICE_X85Y109        FDCE                                         r  FSM_sequential_state_reg[1]/D
  -------------------------------------------------------------------    -------------------

Slack:                    inf
  Source:                 FSM_sequential_state_reg[0]/C
                            (rising edge-triggered cell FDCE)
  Destination:            FSM_sequential_state_reg[0]/D
  Path Group:             (none)
  Path Type:              Min at Fast Process Corner
  Data Path Delay:        0.353ns  (logic 0.186ns (52.660%)  route 0.167ns (47.340%))
  Logic Levels:           2  (FDCE=1 LUT3=1)

    Location             Delay type                Incr(ns)  Path(ns)    Netlist Resource(s)
  -------------------------------------------------------------------    -------------------
    SLICE_X85Y109        FDCE                         0.000     0.000 r  FSM_sequential_state_reg[0]/C
    SLICE_X85Y109        FDCE (Prop_fdce_C_Q)         0.141     0.141 f  FSM_sequential_state_reg[0]/Q
                         net (fo=4, routed)           0.167     0.308    state__0[0]
    SLICE_X85Y109        LUT3 (Prop_lut3_I1_O)        0.045     0.353 r  FSM_sequential_state[0]_i_1/O
                         net (fo=1, routed)           0.000     0.353    state__1[0]
    SLICE_X85Y109        FDCE                                         r  FSM_sequential_state_reg[0]/D
  -------------------------------------------------------------------    -------------------

Slack:                    inf
  Source:                 FSM_sequential_state_reg[0]/C
                            (rising edge-triggered cell FDCE)
  Destination:            y_reg/D
  Path Group:             (none)
  Path Type:              Min at Fast Process Corner
  Data Path Delay:        0.355ns  (logic 0.186ns (52.364%)  route 0.169ns (47.636%))
  Logic Levels:           2  (FDCE=1 LUT3=1)

    Location             Delay type                Incr(ns)  Path(ns)    Netlist Resource(s)
  -------------------------------------------------------------------    -------------------
    SLICE_X85Y109        FDCE                         0.000     0.000 r  FSM_sequential_state_reg[0]/C
    SLICE_X85Y109        FDCE (Prop_fdce_C_Q)         0.141     0.141 r  FSM_sequential_state_reg[0]/Q
                         net (fo=4, routed)           0.169     0.310    state__0[0]
    SLICE_X85Y109        LUT3 (Prop_lut3_I1_O)        0.045     0.355 r  y_i_1/O
                         net (fo=1, routed)           0.000     0.355    y_i_1_n_0
    SLICE_X85Y109        FDCE                                         r  y_reg/D
  -------------------------------------------------------------------    -------------------

Slack:                    inf
  Source:                 rst
                            (input port)
  Destination:            FSM_sequential_state_reg[0]/CLR
  Path Group:             (none)
  Path Type:              Min at Fast Process Corner
  Data Path Delay:        1.435ns  (logic 0.336ns (23.433%)  route 1.099ns (76.567%))
  Logic Levels:           2  (IBUF=1 LUT1=1)

    Location             Delay type                Incr(ns)  Path(ns)    Netlist Resource(s)
  -------------------------------------------------------------------    -------------------
    Y1                                                0.000     0.000 r  rst (IN)
                         net (fo=0)                   0.000     0.000    rst
    Y1                   IBUF (Prop_ibuf_I_O)         0.291     0.291 r  rst_IBUF_inst/O
                         net (fo=1, routed)           0.627     0.918    rst_IBUF
    SLICE_X85Y99         LUT1 (Prop_lut1_I0_O)        0.045     0.963 f  FSM_sequential_state[1]_i_2/O
                         net (fo=3, routed)           0.472     1.435    FSM_sequential_state[1]_i_2_n_0
    SLICE_X85Y109        FDCE                                         f  FSM_sequential_state_reg[0]/CLR
  -------------------------------------------------------------------    -------------------

Slack:                    inf
  Source:                 rst
                            (input port)
  Destination:            FSM_sequential_state_reg[1]/CLR
  Path Group:             (none)
  Path Type:              Min at Fast Process Corner
  Data Path Delay:        1.435ns  (logic 0.336ns (23.433%)  route 1.099ns (76.567%))
  Logic Levels:           2  (IBUF=1 LUT1=1)

    Location             Delay type                Incr(ns)  Path(ns)    Netlist Resource(s)
  -------------------------------------------------------------------    -------------------
    Y1                                                0.000     0.000 r  rst (IN)
                         net (fo=0)                   0.000     0.000    rst
    Y1                   IBUF (Prop_ibuf_I_O)         0.291     0.291 r  rst_IBUF_inst/O
                         net (fo=1, routed)           0.627     0.918    rst_IBUF
    SLICE_X85Y99         LUT1 (Prop_lut1_I0_O)        0.045     0.963 f  FSM_sequential_state[1]_i_2/O
                         net (fo=3, routed)           0.472     1.435    FSM_sequential_state[1]_i_2_n_0
    SLICE_X85Y109        FDCE                                         f  FSM_sequential_state_reg[1]/CLR
  -------------------------------------------------------------------    -------------------

Slack:                    inf
  Source:                 rst
                            (input port)
  Destination:            y_reg/CLR
  Path Group:             (none)
  Path Type:              Min at Fast Process Corner
  Data Path Delay:        1.435ns  (logic 0.336ns (23.433%)  route 1.099ns (76.567%))
  Logic Levels:           2  (IBUF=1 LUT1=1)

    Location             Delay type                Incr(ns)  Path(ns)    Netlist Resource(s)
  -------------------------------------------------------------------    -------------------
    Y1                                                0.000     0.000 r  rst (IN)
                         net (fo=0)                   0.000     0.000    rst
    Y1                   IBUF (Prop_ibuf_I_O)         0.291     0.291 r  rst_IBUF_inst/O
                         net (fo=1, routed)           0.627     0.918    rst_IBUF
    SLICE_X85Y99         LUT1 (Prop_lut1_I0_O)        0.045     0.963 f  FSM_sequential_state[1]_i_2/O
                         net (fo=3, routed)           0.472     1.435    FSM_sequential_state[1]_i_2_n_0
    SLICE_X85Y109        FDCE                                         f  y_reg/CLR
  -------------------------------------------------------------------    -------------------

Slack:                    inf
  Source:                 y_reg/C
                            (rising edge-triggered cell FDCE)
  Destination:            y
                            (output port)
  Path Group:             (none)
  Path Type:              Min at Fast Process Corner
  Data Path Delay:        1.719ns  (logic 1.383ns (80.413%)  route 0.337ns (19.587%))
  Logic Levels:           2  (FDCE=1 OBUF=1)

    Location             Delay type                Incr(ns)  Path(ns)    Netlist Resource(s)
  -------------------------------------------------------------------    -------------------
    SLICE_X85Y109        FDCE                         0.000     0.000 r  y_reg/C
    SLICE_X85Y109        FDCE (Prop_fdce_C_Q)         0.141     0.141 r  y_reg/Q
                         net (fo=1, routed)           0.337     0.478    y_OBUF
    N5                   OBUF (Prop_obuf_I_O)         1.242     1.719 r  y_OBUF_inst/O
                         net (fo=0)                   0.000     1.719    y
    N5                                                                r  y (OUT)
  -------------------------------------------------------------------    -------------------

Slack:                    inf
  Source:                 FSM_sequential_state_reg[1]/C
                            (rising edge-triggered cell FDCE)
  Destination:            state[1]
                            (output port)
  Path Group:             (none)
  Path Type:              Min at Fast Process Corner
  Data Path Delay:        2.114ns  (logic 1.410ns (66.720%)  route 0.703ns (33.280%))
  Logic Levels:           2  (FDCE=1 OBUF=1)

    Location             Delay type                Incr(ns)  Path(ns)    Netlist Resource(s)
  -------------------------------------------------------------------    -------------------
    SLICE_X85Y109        FDCE                         0.000     0.000 r  FSM_sequential_state_reg[1]/C
    SLICE_X85Y109        FDCE (Prop_fdce_C_Q)         0.128     0.128 r  FSM_sequential_state_reg[1]/Q
                         net (fo=5, routed)           0.703     0.831    state_OBUF[1]
    L4                   OBUF (Prop_obuf_I_O)         1.282     2.114 r  state_OBUF[1]_inst/O
                         net (fo=0)                   0.000     2.114    state[1]
    L4                                                                r  state[1] (OUT)
  -------------------------------------------------------------------    -------------------

Slack:                    inf
  Source:                 FSM_sequential_state_reg[0]/C
                            (rising edge-triggered cell FDCE)
  Destination:            state[0]
                            (output port)
  Path Group:             (none)
  Path Type:              Min at Fast Process Corner
  Data Path Delay:        2.324ns  (logic 1.480ns (63.689%)  route 0.844ns (36.311%))
  Logic Levels:           3  (FDCE=1 LUT2=1 OBUF=1)

    Location             Delay type                Incr(ns)  Path(ns)    Netlist Resource(s)
  -------------------------------------------------------------------    -------------------
    SLICE_X85Y109        FDCE                         0.000     0.000 r  FSM_sequential_state_reg[0]/C
    SLICE_X85Y109        FDCE (Prop_fdce_C_Q)         0.141     0.141 r  FSM_sequential_state_reg[0]/Q
                         net (fo=4, routed)           0.169     0.310    state__0[0]
    SLICE_X85Y109        LUT2 (Prop_lut2_I0_O)        0.043     0.353 r  state_OBUF[0]_inst_i_1/O
                         net (fo=1, routed)           0.675     1.028    state_OBUF[0]
    M4                   OBUF (Prop_obuf_I_O)         1.296     2.324 r  state_OBUF[0]_inst/O
                         net (fo=0)                   0.000     2.324    state[0]
    M4                                                                r  state[0] (OUT)
  -------------------------------------------------------------------    -------------------





